# JRE version: OpenJDK Runtime Environment Temurin-17.0.9+9 (17.0.9+9) (build 17.0.9+9)
# Java VM: OpenJDK 64-Bit Server VM Temurin-17.0.9+9 (17.0.9+9, mixed mode, emulated-client, tiered, compressed oops, compressed class ptrs, g1 gc, windows-amd64)
GC Precious Log:
 CPUs: 4 total, 4 available
 Memory: 7835M
 Large Page Support: Disabled
 NUMA Support: Disabled
 Compressed Oops: Enabled (32-bit)
 Heap Region Size: 1M
 Heap Min Capacity: 8M
 Heap Initial Capacity: 124M
 Heap Max Capacity: 1G
 Pre-touch: Disabled
 Parallel Workers: 4
 Concurrent Workers: 1
 Concurrent Refinement Workers: 4
 Periodic GC: Disabled
Heap:
 garbage-first heap   total 75776K, used 22153K [0x00000000c0000000, 0x0000000100000000)
  region size 1024K, 1 young (1024K), 0 survivors (0K)
 Metaspace       used 38501K, committed 38976K, reserved 1114112K
  class space    used 5068K, committed 5248K, reserved 1048576K
GC Heap History (20 events):
Event: 2207.115 GC heap before
{Heap before GC invocations=194 (full 184):
 garbage-first heap   total 75776K, used 22153K [0x00000000c0000000, 0x0000000100000000)
  region size 1024K, 1 young (1024K), 0 survivors (0K)
 Metaspace       used 38501K, committed 38976K, reserved 1114112K
  class space    used 5068K, committed 5248K, reserved 1048576K
}
Event: 2207.139 GC heap after
{Heap after GC invocations=195 (full 185):
 garbage-first heap   total 75776K, used 22153K [0x00000000c0000000, 0x0000000100000000)
  region size 1024K, 0 young (0K), 0 survivors (0K)
 Metaspace       used 38501K, committed 38976K, reserved 1114112K
  class space    used 5068K, committed 5248K, reserved 1048576K
}
Event: 2217.302 GC heap before
{Heap before GC invocations=195 (full 185):
 garbage-first heap   total 75776K, used 22153K [0x00000000c0000000, 0x0000000100000000)
  region size 1024K, 1 young (1024K), 0 survivors (0K)
 Metaspace       used 38501K, committed 38976K, reserved 1114112K
  class space    used 5068K, committed 5248K, reserved 1048576K
}
Event: 2217.325 GC heap after
{Heap after GC invocations=196 (full 186):
 garbage-first heap   total 75776K, used 22153K [0x00000000c0000000, 0x0000000100000000)
  region size 1024K, 0 young (0K), 0 survivors (0K)
 Metaspace       used 38501K, committed 38976K, reserved 1114112K
  class space    used 5068K, committed 5248K, reserved 1048576K
}
Event: 2227.522 GC heap before
{Heap before GC invocations=196 (full 186):
 garbage-first heap   total 75776K, used 22153K [0x00000000c0000000, 0x0000000100000000)
  region size 1024K, 1 young (1024K), 0 survivors (0K)
 Metaspace       used 38501K, committed 38976K, reserved 1114112K
  class space    used 5068K, committed 5248K, reserved 1048576K
}
Event: 2227.546 GC heap after
{Heap after GC invocations=197 (full 187):
 garbage-first heap   total 75776K, used 22153K [0x00000000c0000000, 0x0000000100000000)
  region size 1024K, 0 young (0K), 0 survivors (0K)
 Metaspace       used 38501K, committed 38976K, reserved 1114112K
  class space    used 5068K, committed 5248K, reserved 1048576K
}
Event: 2237.723 GC heap before
{Heap before GC invocations=197 (full 187):
 garbage-first heap   total 75776K, used 22153K [0x00000000c0000000, 0x0000000100000000)
  region size 1024K, 1 young (1024K), 0 survivors (0K)
 Metaspace       used 38501K, committed 38976K, reserved 1114112K
  class space    used 5068K, committed 5248K, reserved 1048576K
}
Event: 2237.745 GC heap after
{Heap after GC invocations=198 (full 188):
 garbage-first heap   total 75776K, used 22153K [0x00000000c0000000, 0x0000000100000000)
  region size 1024K, 0 young (0K), 0 survivors (0K)
 Metaspace       used 38501K, committed 38976K, reserved 1114112K
  class space    used 5068K, committed 5248K, reserved 1048576K
}
Event: 2248.139 GC heap before
{Heap before GC invocations=198 (full 188):
 garbage-first heap   total 75776K, used 22153K [0x00000000c0000000, 0x0000000100000000)
  region size 1024K, 1 young (1024K), 0 survivors (0K)
 Metaspace       used 38501K, committed 38976K, reserved 1114112K
  class space    used 5068K, committed 5248K, reserved 1048576K
}
Event: 2248.164 GC heap after
{Heap after GC invocations=199 (full 189):
 garbage-first heap   total 75776K, used 22153K [0x00000000c0000000, 0x0000000100000000)
  region size 1024K, 0 young (0K), 0 survivors (0K)
 Metaspace       used 38501K, committed 38976K, reserved 1114112K
  class space    used 5068K, committed 5248K, reserved 1048576K
}
Event: 2258.364 GC heap before
{Heap before GC invocations=199 (full 189):
 garbage-first heap   total 75776K, used 22153K [0x00000000c0000000, 0x0000000100000000)
  region size 1024K, 1 young (1024K), 0 survivors (0K)
 Metaspace       used 38501K, committed 38976K, reserved 1114112K
  class space    used 5068K, committed 5248K, reserved 1048576K
}
Event: 2258.389 GC heap after
{Heap after GC invocations=200 (full 190):
 garbage-first heap   total 75776K, used 22153K [0x00000000c0000000, 0x0000000100000000)
  region size 1024K, 0 young (0K), 0 survivors (0K)
 Metaspace       used 38501K, committed 38976K, reserved 1114112K
  class space    used 5068K, committed 5248K, reserved 1048576K
}
Event: 2268.603 GC heap before
{Heap before GC invocations=200 (full 190):
 garbage-first heap   total 75776K, used 22153K [0x00000000c0000000, 0x0000000100000000)
  region size 1024K, 1 young (1024K), 0 survivors (0K)
 Metaspace       used 38501K, committed 38976K, reserved 1114112K
  class space    used 5068K, committed 5248K, reserved 1048576K
}
Event: 2268.628 GC heap after
{Heap after GC invocations=201 (full 191):
 garbage-first heap   total 75776K, used 22153K [0x00000000c0000000, 0x0000000100000000)
  region size 1024K, 0 young (0K), 0 survivors (0K)
 Metaspace       used 38501K, committed 38976K, reserved 1114112K
  class space    used 5068K, committed 5248K, reserved 1048576K
}
Event: 2278.845 GC heap before
{Heap before GC invocations=201 (full 191):
 garbage-first heap   total 75776K, used 22153K [0x00000000c0000000, 0x0000000100000000)
  region size 1024K, 1 young (1024K), 0 survivors (0K)
 Metaspace       used 38501K, committed 38976K, reserved 1114112K
  class space    used 5068K, committed 5248K, reserved 1048576K
}
Event: 2278.869 GC heap after
{Heap after GC invocations=202 (full 192):
 garbage-first heap   total 75776K, used 22153K [0x00000000c0000000, 0x0000000100000000)
  region size 1024K, 0 young (0K), 0 survivors (0K)
 Metaspace       used 38501K, committed 38976K, reserved 1114112K
  class space    used 5068K, committed 5248K, reserved 1048576K
}
Event: 2289.132 GC heap before
{Heap before GC invocations=202 (full 192):
 garbage-first heap   total 75776K, used 22153K [0x00000000c0000000, 0x0000000100000000)
  region size 1024K, 1 young (1024K), 0 survivors (0K)
 Metaspace       used 38501K, committed 38976K, reserved 1114112K
  class space    used 5068K, committed 5248K, reserved 1048576K
}
Event: 2289.158 GC heap after
{Heap after GC invocations=203 (full 193):
 garbage-first heap   total 75776K, used 22153K [0x00000000c0000000, 0x0000000100000000)
  region size 1024K, 0 young (0K), 0 survivors (0K)
 Metaspace       used 38501K, committed 38976K, reserved 1114112K
  class space    used 5068K, committed 5248K, reserved 1048576K
}
Event: 2299.388 GC heap before
{Heap before GC invocations=203 (full 193):
 garbage-first heap   total 75776K, used 22153K [0x00000000c0000000, 0x0000000100000000)
  region size 1024K, 1 young (1024K), 0 survivors (0K)
 Metaspace       used 38501K, committed 38976K, reserved 1114112K
  class space    used 5068K, committed 5248K, reserved 1048576K
}
Event: 2299.415 GC heap after
{Heap after GC invocations=204 (full 194):
 garbage-first heap   total 75776K, used 22153K [0x00000000c0000000, 0x0000000100000000)
  region size 1024K, 0 young (0K), 0 survivors (0K)
 Metaspace       used 38501K, committed 38976K, reserved 1114112K
  class space    used 5068K, committed 5248K, reserved 1048576K
}

